Unsupposrted library path: C:\Users\AhmetEmir\Desktop\WurstPlus-Three-master\build\classes\java\api
Unsupposrted library path: C:\Users\AhmetEmir\Desktop\WurstPlus-Three-master\build\resources\api
Symbol range map extraction starting
Processing 221 files
startProcessing "club/minnced/discord/rpc/DiscordEventHandlers.java" md5: a524fb1d515945c0baeb3837cfffc7ed
endProcessing "club/minnced/discord/rpc/DiscordEventHandlers.java"

startProcessing "club/minnced/discord/rpc/DiscordRPC.java" md5: 2e20e0880194ba00eb9bdbf3f48a9107
endProcessing "club/minnced/discord/rpc/DiscordRPC.java"

startProcessing "club/minnced/discord/rpc/DiscordRichPresence.java" md5: 88498d27dc866ce1625ff9906cee4bb7
endProcessing "club/minnced/discord/rpc/DiscordRichPresence.java"

startProcessing "club/minnced/discord/rpc/DiscordUser.java" md5: ac49025c1bc9a55df1b21758fc97ee62
endProcessing "club/minnced/discord/rpc/DiscordUser.java"

startProcessing "club/minnced/discord/rpc/package-info.java" md5: b0a7c75627889ad3b30e81d6e3f7a117
endProcessing "club/minnced/discord/rpc/package-info.java"

startProcessing "me/travis/turok/Turok.java" md5: eb4b1c497cff42b1758884aae8c439ed
endProcessing "me/travis/turok/Turok.java"

startProcessing "me/travis/turok/draw/GL.java" md5: 7286371d0008871c727cd1f225954e6e
endProcessing "me/travis/turok/draw/GL.java"

startProcessing "me/travis/turok/draw/RenderHelp.java" md5: c3714b08bc95e2d76cf3b0f64cf8258f
endProcessing "me/travis/turok/draw/RenderHelp.java"

startProcessing "me/travis/turok/task/Font.java" md5: 2ba89ab2768e49a6c127ec2728ade071
endProcessing "me/travis/turok/task/Font.java"

startProcessing "me/travis/turok/task/Rect.java" md5: e2ebd6c1bf50beb6e2c6aa04977d539a
endProcessing "me/travis/turok/task/Rect.java"

startProcessing "me/travis/turok/values/TurokBoolean.java" md5: 09478d8e8696976fdd67bb332ef7482b
endProcessing "me/travis/turok/values/TurokBoolean.java"

startProcessing "me/travis/turok/values/TurokDouble.java" md5: 1b205ae0eaaf68e6d0132c7fead92cf6
endProcessing "me/travis/turok/values/TurokDouble.java"

startProcessing "me/travis/turok/values/TurokEnum.java" md5: 0bef81a57d5c42f7f291a2f9631334cc
endProcessing "me/travis/turok/values/TurokEnum.java"

startProcessing "me/travis/turok/values/TurokFloat.java" md5: b1025c0ed4b379a28d624a80846c2fab
endProcessing "me/travis/turok/values/TurokFloat.java"

startProcessing "me/travis/turok/values/TurokGeneric.java" md5: 361ec953c4c927496426b46c49e9462d
endProcessing "me/travis/turok/values/TurokGeneric.java"

startProcessing "me/travis/turok/values/TurokInt.java" md5: 15e0ad8e7a6913150ea4a5482fb30be7
endProcessing "me/travis/turok/values/TurokInt.java"

startProcessing "me/travis/turok/values/TurokString.java" md5: fbdec584f8c36fb0a44cc8bdb58252bd
endProcessing "me/travis/turok/values/TurokString.java"

startProcessing "me/travis/wurstplus/Wurstplus.java" md5: 68df9be31336d6f48ba3e6795c478a0d
endProcessing "me/travis/wurstplus/Wurstplus.java"

startProcessing "me/travis/wurstplus/mixins/WurstplusMixinAbstractClientPlayer.java" md5: b76ab1e88f5ad7115ab90847bad34815
endProcessing "me/travis/wurstplus/mixins/WurstplusMixinAbstractClientPlayer.java"

startProcessing "me/travis/wurstplus/mixins/WurstplusMixinEntity.java" md5: 9e83551cd513a23457818054eee86fc2
endProcessing "me/travis/wurstplus/mixins/WurstplusMixinEntity.java"

startProcessing "me/travis/wurstplus/mixins/WurstplusMixinEntityRenderer.java" md5: de1d6265a0b1215ca6bcfac7cd810feb
endProcessing "me/travis/wurstplus/mixins/WurstplusMixinEntityRenderer.java"

startProcessing "me/travis/wurstplus/mixins/WurstplusMixinEntitySP.java" md5: 3129412ba836a367064242f844a410d2
endProcessing "me/travis/wurstplus/mixins/WurstplusMixinEntitySP.java"

startProcessing "me/travis/wurstplus/mixins/WurstplusMixinGuiNewChat.java" md5: e6b1d2b1c3f437d97c6df72baf5f40ff
endProcessing "me/travis/wurstplus/mixins/WurstplusMixinGuiNewChat.java"

startProcessing "me/travis/wurstplus/mixins/WurstplusMixinGuiPlayerTabOverlay.java" md5: b51e895d44a6b454f8dfdd7b79a770c6
endProcessing "me/travis/wurstplus/mixins/WurstplusMixinGuiPlayerTabOverlay.java"

startProcessing "me/travis/wurstplus/mixins/WurstplusMixinGuiScreen.java" md5: 500cfd79d6c87ea301039627f821dd01
endProcessing "me/travis/wurstplus/mixins/WurstplusMixinGuiScreen.java"

startProcessing "me/travis/wurstplus/mixins/WurstplusMixinItemRenderer.java" md5: b554765c86bd1b66d14054024fe81d64
endProcessing "me/travis/wurstplus/mixins/WurstplusMixinItemRenderer.java"

startProcessing "me/travis/wurstplus/mixins/WurstplusMixinLoader.java" md5: b92ebe70f55a53360fd1fc8c2e3b5581
endProcessing "me/travis/wurstplus/mixins/WurstplusMixinLoader.java"

startProcessing "me/travis/wurstplus/mixins/WurstplusMixinMinecraft.java" md5: c0c8cf55a9644465b01c9d354c2a4a9d
endProcessing "me/travis/wurstplus/mixins/WurstplusMixinMinecraft.java"

startProcessing "me/travis/wurstplus/mixins/WurstplusMixinNetworkManager.java" md5: 741e1bb3297493198104194871b5793e
endProcessing "me/travis/wurstplus/mixins/WurstplusMixinNetworkManager.java"

startProcessing "me/travis/wurstplus/mixins/WurstplusMixinPlayer.java" md5: 314e08aba5056463a6b25b3c9d909149
endProcessing "me/travis/wurstplus/mixins/WurstplusMixinPlayer.java"

startProcessing "me/travis/wurstplus/mixins/WurstplusMixinPlayerControllerMP.java" md5: f5de40af6c9419d23021980b2d4091e3
endProcessing "me/travis/wurstplus/mixins/WurstplusMixinPlayerControllerMP.java"

startProcessing "me/travis/wurstplus/mixins/WurstplusMixinRenderLivingBase.java" md5: 1e5cc376de03a715f338ebd9f3c07342
endProcessing "me/travis/wurstplus/mixins/WurstplusMixinRenderLivingBase.java"

startProcessing "me/travis/wurstplus/mixins/WurstplusMixinRenderPlayer.java" md5: 19046c7cc8bc7afbe178f525c589c023
endProcessing "me/travis/wurstplus/mixins/WurstplusMixinRenderPlayer.java"

startProcessing "me/travis/wurstplus/mixins/WurstplusMixinWorld.java" md5: 07de699d92ea961cbdd7158e207f5e67
endProcessing "me/travis/wurstplus/mixins/WurstplusMixinWorld.java"

startProcessing "me/travis/wurstplus/wurstplustwo/MinecraftInstance.java" md5: 0c908a67b685084506103a5d23a3aafa
endProcessing "me/travis/wurstplus/wurstplustwo/MinecraftInstance.java"

startProcessing "me/travis/wurstplus/wurstplustwo/command/WurstplusCommand.java" md5: b8ccc3db3c3e785666db9a6f8a69b148
endProcessing "me/travis/wurstplus/wurstplustwo/command/WurstplusCommand.java"

startProcessing "me/travis/wurstplus/wurstplustwo/command/WurstplusCommands.java" md5: 516c5dec09b5e0410eba934fcf3837a1
endProcessing "me/travis/wurstplus/wurstplustwo/command/WurstplusCommands.java"

startProcessing "me/travis/wurstplus/wurstplustwo/command/commands/WurstplusAlert.java" md5: 581920f2068fad2a2e1f1b5e05921c2d
endProcessing "me/travis/wurstplus/wurstplustwo/command/commands/WurstplusAlert.java"

startProcessing "me/travis/wurstplus/wurstplustwo/command/commands/WurstplusBind.java" md5: fe412fdc6ac3f68e1b648acb4391c08d
endProcessing "me/travis/wurstplus/wurstplustwo/command/commands/WurstplusBind.java"

startProcessing "me/travis/wurstplus/wurstplustwo/command/commands/WurstplusConfig.java" md5: 1a161b2a78d83bfc82c59d48362da043
endProcessing "me/travis/wurstplus/wurstplustwo/command/commands/WurstplusConfig.java"

startProcessing "me/travis/wurstplus/wurstplustwo/command/commands/WurstplusDrawn.java" md5: 258878c9dbdddc8044235fab5822a065
endProcessing "me/travis/wurstplus/wurstplustwo/command/commands/WurstplusDrawn.java"

startProcessing "me/travis/wurstplus/wurstplustwo/command/commands/WurstplusEnemy.java" md5: 7a9389588e6635d555341b4111f1128e
endProcessing "me/travis/wurstplus/wurstplustwo/command/commands/WurstplusEnemy.java"

startProcessing "me/travis/wurstplus/wurstplustwo/command/commands/WurstplusEzMessage.java" md5: 7c84bf3cc020c6a27d15328a6a411610
endProcessing "me/travis/wurstplus/wurstplustwo/command/commands/WurstplusEzMessage.java"

startProcessing "me/travis/wurstplus/wurstplustwo/command/commands/WurstplusFriend.java" md5: c685703c0571d03a08ff2046fb5aee6c
endProcessing "me/travis/wurstplus/wurstplustwo/command/commands/WurstplusFriend.java"

startProcessing "me/travis/wurstplus/wurstplustwo/command/commands/WurstplusHelp.java" md5: a1dcdbe7f5d115e55fe836656fcd446d
endProcessing "me/travis/wurstplus/wurstplustwo/command/commands/WurstplusHelp.java"

startProcessing "me/travis/wurstplus/wurstplustwo/command/commands/WurstplusPrefix.java" md5: ab8420d5a177ea35eed649482f01896f
endProcessing "me/travis/wurstplus/wurstplustwo/command/commands/WurstplusPrefix.java"

startProcessing "me/travis/wurstplus/wurstplustwo/command/commands/WurstplusSettings.java" md5: c87555613ba7e2ee4e91caa3f8b7c329
endProcessing "me/travis/wurstplus/wurstplustwo/command/commands/WurstplusSettings.java"

startProcessing "me/travis/wurstplus/wurstplustwo/command/commands/WurstplusToggle.java" md5: 6c6b49cb509b7e9359c89bba19abc1ea
endProcessing "me/travis/wurstplus/wurstplustwo/command/commands/WurstplusToggle.java"

startProcessing "me/travis/wurstplus/wurstplustwo/event/Listener.java" md5: 373900586452cf3ddefb9552dca290c0
endProcessing "me/travis/wurstplus/wurstplustwo/event/Listener.java"

startProcessing "me/travis/wurstplus/wurstplustwo/event/WurstplusEventBase.java" md5: b9f70b9aa4eb52126587a2752d2f4153
endProcessing "me/travis/wurstplus/wurstplustwo/event/WurstplusEventBase.java"

startProcessing "me/travis/wurstplus/wurstplustwo/event/WurstplusEventBus.java" md5: 781a23ba0ebbe190f1ab01b952785f66
endProcessing "me/travis/wurstplus/wurstplustwo/event/WurstplusEventBus.java"

startProcessing "me/travis/wurstplus/wurstplustwo/event/WurstplusEventCancellable.java" md5: ba1120f82253762dedc027479403a2b7
endProcessing "me/travis/wurstplus/wurstplustwo/event/WurstplusEventCancellable.java"

startProcessing "me/travis/wurstplus/wurstplustwo/event/WurstplusEventHandler.java" md5: 6ece63eec69852adda989b756992fa6f
endProcessing "me/travis/wurstplus/wurstplustwo/event/WurstplusEventHandler.java"

startProcessing "me/travis/wurstplus/wurstplustwo/event/WurstplusEventRegister.java" md5: ce0bb886bf6e76e1c8ab0aa30f3063c6
endProcessing "me/travis/wurstplus/wurstplustwo/event/WurstplusEventRegister.java"

startProcessing "me/travis/wurstplus/wurstplustwo/event/events/PacketEvent.java" md5: 8f392cbe81547ef2f9903f7b3ae6c47b
endProcessing "me/travis/wurstplus/wurstplustwo/event/events/PacketEvent.java"

startProcessing "me/travis/wurstplus/wurstplustwo/event/events/WurstplusEventBlock.java" md5: 348c029788084ec7881f04c8df61bbd4
endProcessing "me/travis/wurstplus/wurstplustwo/event/events/WurstplusEventBlock.java"

startProcessing "me/travis/wurstplus/wurstplustwo/event/events/WurstplusEventDamageBlock.java" md5: ba02f3cc00f47770fd64001e60421992
endProcessing "me/travis/wurstplus/wurstplustwo/event/events/WurstplusEventDamageBlock.java"

startProcessing "me/travis/wurstplus/wurstplustwo/event/events/WurstplusEventEntity.java" md5: 725a13cc181ec39f16e305cf8ac24090
endProcessing "me/travis/wurstplus/wurstplustwo/event/events/WurstplusEventEntity.java"

startProcessing "me/travis/wurstplus/wurstplustwo/event/events/WurstplusEventEntityRemoved.java" md5: 1ec121937be441650a84215ce19f50f7
endProcessing "me/travis/wurstplus/wurstplustwo/event/events/WurstplusEventEntityRemoved.java"

startProcessing "me/travis/wurstplus/wurstplustwo/event/events/WurstplusEventGUIScreen.java" md5: 53972feddd4498f941820f18b7028ef8
endProcessing "me/travis/wurstplus/wurstplustwo/event/events/WurstplusEventGUIScreen.java"

startProcessing "me/travis/wurstplus/wurstplustwo/event/events/WurstplusEventGameOverlay.java" md5: 340b821aec33ccbeaf886099c3a90e84
endProcessing "me/travis/wurstplus/wurstplustwo/event/events/WurstplusEventGameOverlay.java"

startProcessing "me/travis/wurstplus/wurstplustwo/event/events/WurstplusEventMotionUpdate.java" md5: b513d743afa7c38821b55226a3ab938a
endProcessing "me/travis/wurstplus/wurstplustwo/event/events/WurstplusEventMotionUpdate.java"

startProcessing "me/travis/wurstplus/wurstplustwo/event/events/WurstplusEventMove.java" md5: cb9186376c57ae82a366178103e0ddc2
endProcessing "me/travis/wurstplus/wurstplustwo/event/events/WurstplusEventMove.java"

startProcessing "me/travis/wurstplus/wurstplustwo/event/events/WurstplusEventPacket.java" md5: 6b8cd49fa182bb14143b94f09cdb4e8b
endProcessing "me/travis/wurstplus/wurstplustwo/event/events/WurstplusEventPacket.java"

startProcessing "me/travis/wurstplus/wurstplustwo/event/events/WurstplusEventPlayerJump.java" md5: baa98638351e4363329b2ae556aa3818
endProcessing "me/travis/wurstplus/wurstplustwo/event/events/WurstplusEventPlayerJump.java"

startProcessing "me/travis/wurstplus/wurstplustwo/event/events/WurstplusEventPlayerTravel.java" md5: 05609b89d52e7b996addbdcca56d043a
endProcessing "me/travis/wurstplus/wurstplustwo/event/events/WurstplusEventPlayerTravel.java"

startProcessing "me/travis/wurstplus/wurstplustwo/event/events/WurstplusEventRender.java" md5: 42f4e71e019bddd86aaf2ea7e9e475ea
endProcessing "me/travis/wurstplus/wurstplustwo/event/events/WurstplusEventRender.java"

startProcessing "me/travis/wurstplus/wurstplustwo/event/events/WurstplusEventRenderEntityModel.java" md5: 97c92d5f4e21d0a2d94a1097a5de62b8
endProcessing "me/travis/wurstplus/wurstplustwo/event/events/WurstplusEventRenderEntityModel.java"

startProcessing "me/travis/wurstplus/wurstplustwo/event/events/WurstplusEventRenderName.java" md5: f2795acbad577f90713acf140337005d
endProcessing "me/travis/wurstplus/wurstplustwo/event/events/WurstplusEventRenderName.java"

startProcessing "me/travis/wurstplus/wurstplustwo/event/events/WurstplusEventSetupFog.java" md5: 052cb558c6608b04bc6053278584d478
endProcessing "me/travis/wurstplus/wurstplustwo/event/events/WurstplusEventSetupFog.java"

startProcessing "me/travis/wurstplus/wurstplustwo/event/events/WurstplusEventSwing.java" md5: 4951048baaa8d48e5ec2d6fcc5d7a44d
endProcessing "me/travis/wurstplus/wurstplustwo/event/events/WurstplusEventSwing.java"

startProcessing "me/travis/wurstplus/wurstplustwo/guiscreen/WurstplusGUI.java" md5: f415a05e83e992d697f36c6b1110e494
endProcessing "me/travis/wurstplus/wurstplustwo/guiscreen/WurstplusGUI.java"

startProcessing "me/travis/wurstplus/wurstplustwo/guiscreen/WurstplusHUD.java" md5: 71100a5df1add518301ee4d7aab20ec8
endProcessing "me/travis/wurstplus/wurstplustwo/guiscreen/WurstplusHUD.java"

startProcessing "me/travis/wurstplus/wurstplustwo/guiscreen/hud/WurstplusArmorDurabilityWarner.java" md5: 335cc03ac61c07c3653c83aff9bc7a6c
endProcessing "me/travis/wurstplus/wurstplustwo/guiscreen/hud/WurstplusArmorDurabilityWarner.java"

startProcessing "me/travis/wurstplus/wurstplustwo/guiscreen/hud/WurstplusArmorPreview.java" md5: 714732b32999a58b3ff783ddf01678b9
endProcessing "me/travis/wurstplus/wurstplustwo/guiscreen/hud/WurstplusArmorPreview.java"

startProcessing "me/travis/wurstplus/wurstplustwo/guiscreen/hud/WurstplusArrayList.java" md5: 83d0554aab6b0ecb576e7d84a775e867
endProcessing "me/travis/wurstplus/wurstplustwo/guiscreen/hud/WurstplusArrayList.java"

startProcessing "me/travis/wurstplus/wurstplustwo/guiscreen/hud/WurstplusCompass.java" md5: 6f2651fca54eb5b1b8fdbf01e43309ae
endProcessing "me/travis/wurstplus/wurstplustwo/guiscreen/hud/WurstplusCompass.java"

startProcessing "me/travis/wurstplus/wurstplustwo/guiscreen/hud/WurstplusCoordinates.java" md5: a7405201d6490ce83225c743817fc0d1
endProcessing "me/travis/wurstplus/wurstplustwo/guiscreen/hud/WurstplusCoordinates.java"

startProcessing "me/travis/wurstplus/wurstplustwo/guiscreen/hud/WurstplusCrystalCount.java" md5: fff8193471ea633b9450d748e274bae6
endProcessing "me/travis/wurstplus/wurstplustwo/guiscreen/hud/WurstplusCrystalCount.java"

startProcessing "me/travis/wurstplus/wurstplustwo/guiscreen/hud/WurstplusDirection.java" md5: b26944a0746442e08da983bf2b8cb7d6
endProcessing "me/travis/wurstplus/wurstplustwo/guiscreen/hud/WurstplusDirection.java"

startProcessing "me/travis/wurstplus/wurstplustwo/guiscreen/hud/WurstplusEXPCount.java" md5: 4ce403e7e260b085bffad775a86f0766
endProcessing "me/travis/wurstplus/wurstplustwo/guiscreen/hud/WurstplusEXPCount.java"

startProcessing "me/travis/wurstplus/wurstplustwo/guiscreen/hud/WurstplusEffectHud.java" md5: 829a2ceeeb707613dd8cb5fbb8e3091c
endProcessing "me/travis/wurstplus/wurstplustwo/guiscreen/hud/WurstplusEffectHud.java"

startProcessing "me/travis/wurstplus/wurstplustwo/guiscreen/hud/WurstplusEntityList.java" md5: f773df015b2a209566252c63b0c8c211
endProcessing "me/travis/wurstplus/wurstplustwo/guiscreen/hud/WurstplusEntityList.java"

startProcessing "me/travis/wurstplus/wurstplustwo/guiscreen/hud/WurstplusFPS.java" md5: 7fe71a1cdeb4f091038f92e1ec6fbd76
endProcessing "me/travis/wurstplus/wurstplustwo/guiscreen/hud/WurstplusFPS.java"

startProcessing "me/travis/wurstplus/wurstplustwo/guiscreen/hud/WurstplusFriendList.java" md5: f29e1919967ae15f499cc64035f6d923
endProcessing "me/travis/wurstplus/wurstplustwo/guiscreen/hud/WurstplusFriendList.java"

startProcessing "me/travis/wurstplus/wurstplustwo/guiscreen/hud/WurstplusGappleCount.java" md5: aded83c4c12064a7cfde3476a7a536c7
endProcessing "me/travis/wurstplus/wurstplustwo/guiscreen/hud/WurstplusGappleCount.java"

startProcessing "me/travis/wurstplus/wurstplustwo/guiscreen/hud/WurstplusInventoryPreview.java" md5: 5b1307da4be364cc96f255d808ec2f1d
endProcessing "me/travis/wurstplus/wurstplustwo/guiscreen/hud/WurstplusInventoryPreview.java"

startProcessing "me/travis/wurstplus/wurstplustwo/guiscreen/hud/WurstplusInventoryXCarryPreview.java" md5: aeb3fdd17ab25ac5627d141ffa60b538
endProcessing "me/travis/wurstplus/wurstplustwo/guiscreen/hud/WurstplusInventoryXCarryPreview.java"

startProcessing "me/travis/wurstplus/wurstplustwo/guiscreen/hud/WurstplusPing.java" md5: c5389b0d41159074694518dc30d947e9
endProcessing "me/travis/wurstplus/wurstplustwo/guiscreen/hud/WurstplusPing.java"

startProcessing "me/travis/wurstplus/wurstplustwo/guiscreen/hud/WurstplusPlayerList.java" md5: 144365783bf3e624d808be310b38d115
endProcessing "me/travis/wurstplus/wurstplustwo/guiscreen/hud/WurstplusPlayerList.java"

startProcessing "me/travis/wurstplus/wurstplustwo/guiscreen/hud/WurstplusPvpHud.java" md5: 7d27501956cc3479059d78a1abe54d2b
endProcessing "me/travis/wurstplus/wurstplustwo/guiscreen/hud/WurstplusPvpHud.java"

startProcessing "me/travis/wurstplus/wurstplustwo/guiscreen/hud/WurstplusSpeedometer.java" md5: 9731ec26ed37b33bb422e419aabbf1eb
endProcessing "me/travis/wurstplus/wurstplustwo/guiscreen/hud/WurstplusSpeedometer.java"

startProcessing "me/travis/wurstplus/wurstplustwo/guiscreen/hud/WurstplusSurroundBlocks.java" md5: 8d2aefcc3e7b6be979c9d30bfaa551c4
endProcessing "me/travis/wurstplus/wurstplustwo/guiscreen/hud/WurstplusSurroundBlocks.java"

startProcessing "me/travis/wurstplus/wurstplustwo/guiscreen/hud/WurstplusTPS.java" md5: 5e5e3c0d01d571efd5a33fef54ea8f3b
endProcessing "me/travis/wurstplus/wurstplustwo/guiscreen/hud/WurstplusTPS.java"

startProcessing "me/travis/wurstplus/wurstplustwo/guiscreen/hud/WurstplusTime.java" md5: b38dba71095a998d208431863fd0bf1e
endProcessing "me/travis/wurstplus/wurstplustwo/guiscreen/hud/WurstplusTime.java"

startProcessing "me/travis/wurstplus/wurstplustwo/guiscreen/hud/WurstplusTotemCount.java" md5: 4126ac05f027ecedc680bc14be01fe01
endProcessing "me/travis/wurstplus/wurstplustwo/guiscreen/hud/WurstplusTotemCount.java"

startProcessing "me/travis/wurstplus/wurstplustwo/guiscreen/hud/WurstplusUser.java" md5: 97208a0ac69dfd44ff4ed114758ac492
endProcessing "me/travis/wurstplus/wurstplustwo/guiscreen/hud/WurstplusUser.java"

startProcessing "me/travis/wurstplus/wurstplustwo/guiscreen/hud/WurstplusWatermark.java" md5: 55781c6c410243cbf2ee4663b0f4c764
endProcessing "me/travis/wurstplus/wurstplustwo/guiscreen/hud/WurstplusWatermark.java"

startProcessing "me/travis/wurstplus/wurstplustwo/guiscreen/render/WurstplusDraw.java" md5: 38e5aa627f7ee22a96c0e63957841ba8
endProcessing "me/travis/wurstplus/wurstplustwo/guiscreen/render/WurstplusDraw.java"

startProcessing "me/travis/wurstplus/wurstplustwo/guiscreen/render/components/WurstplusAbstractWidget.java" md5: a8f1c473ac7e04ecd668bc48cbc91377
endProcessing "me/travis/wurstplus/wurstplustwo/guiscreen/render/components/WurstplusAbstractWidget.java"

startProcessing "me/travis/wurstplus/wurstplustwo/guiscreen/render/components/WurstplusFrame.java" md5: 2af1187d275335093248f546e30ae6d7
endProcessing "me/travis/wurstplus/wurstplustwo/guiscreen/render/components/WurstplusFrame.java"

startProcessing "me/travis/wurstplus/wurstplustwo/guiscreen/render/components/WurstplusModuleButton.java" md5: 76443a849161c31658acfe0297d751c3
endProcessing "me/travis/wurstplus/wurstplustwo/guiscreen/render/components/WurstplusModuleButton.java"

startProcessing "me/travis/wurstplus/wurstplustwo/guiscreen/render/components/widgets/WurstplusButton.java" md5: a9a97ce0382385fc18abdd2f534c0da4
endProcessing "me/travis/wurstplus/wurstplustwo/guiscreen/render/components/widgets/WurstplusButton.java"

startProcessing "me/travis/wurstplus/wurstplustwo/guiscreen/render/components/widgets/WurstplusButtonBind.java" md5: 3592a2c61e66019f0873ec3ce2919c57
endProcessing "me/travis/wurstplus/wurstplustwo/guiscreen/render/components/widgets/WurstplusButtonBind.java"

startProcessing "me/travis/wurstplus/wurstplustwo/guiscreen/render/components/widgets/WurstplusCombobox.java" md5: 1c3956211589d0401f709810edbb06d8
endProcessing "me/travis/wurstplus/wurstplustwo/guiscreen/render/components/widgets/WurstplusCombobox.java"

startProcessing "me/travis/wurstplus/wurstplustwo/guiscreen/render/components/widgets/WurstplusLabel.java" md5: 43d004d348adf409d07b934953debdcc
endProcessing "me/travis/wurstplus/wurstplustwo/guiscreen/render/components/widgets/WurstplusLabel.java"

startProcessing "me/travis/wurstplus/wurstplustwo/guiscreen/render/components/widgets/WurstplusSlider.java" md5: 28f1c55d5195705db583feed558fcf22
endProcessing "me/travis/wurstplus/wurstplustwo/guiscreen/render/components/widgets/WurstplusSlider.java"

startProcessing "me/travis/wurstplus/wurstplustwo/guiscreen/render/pinnables/WurstplusFrame.java" md5: c21d6f8a293fca2fb86dcc86787bd5ad
endProcessing "me/travis/wurstplus/wurstplustwo/guiscreen/render/pinnables/WurstplusFrame.java"

startProcessing "me/travis/wurstplus/wurstplustwo/guiscreen/render/pinnables/WurstplusPinnable.java" md5: 50fa2db2e9c8c2a86a06ce600752efef
endProcessing "me/travis/wurstplus/wurstplustwo/guiscreen/render/pinnables/WurstplusPinnable.java"

startProcessing "me/travis/wurstplus/wurstplustwo/guiscreen/render/pinnables/WurstplusPinnableButton.java" md5: 382b8de72e6161584c39d3717256ea5f
endProcessing "me/travis/wurstplus/wurstplustwo/guiscreen/render/pinnables/WurstplusPinnableButton.java"

startProcessing "me/travis/wurstplus/wurstplustwo/guiscreen/settings/WurstplusSetting.java" md5: 9b47d2d483f27fe1593feb4104050ac5
endProcessing "me/travis/wurstplus/wurstplustwo/guiscreen/settings/WurstplusSetting.java"

startProcessing "me/travis/wurstplus/wurstplustwo/hacks/WurstplusCategory.java" md5: cfb83ff8a260c55db1c99094700784f9
endProcessing "me/travis/wurstplus/wurstplustwo/hacks/WurstplusCategory.java"

startProcessing "me/travis/wurstplus/wurstplustwo/hacks/WurstplusClickGUI.java" md5: 241e309b9c8c66bda21961bc5152c01a
endProcessing "me/travis/wurstplus/wurstplustwo/hacks/WurstplusClickGUI.java"

startProcessing "me/travis/wurstplus/wurstplustwo/hacks/WurstplusClickHUD.java" md5: 36118562626e9a485f52db76ecab2db5
endProcessing "me/travis/wurstplus/wurstplustwo/hacks/WurstplusClickHUD.java"

startProcessing "me/travis/wurstplus/wurstplustwo/hacks/WurstplusHack.java" md5: 1ce272637c135306cd4dc7df611cc5d9
endProcessing "me/travis/wurstplus/wurstplustwo/hacks/WurstplusHack.java"

startProcessing "me/travis/wurstplus/wurstplustwo/hacks/chat/WurstplusAnnouncer.java" md5: e63078ed3f90c4d0519e917782bece9f
endProcessing "me/travis/wurstplus/wurstplustwo/hacks/chat/WurstplusAnnouncer.java"

startProcessing "me/travis/wurstplus/wurstplustwo/hacks/chat/WurstplusAntiRacist.java" md5: f86fa5fb9059d6b21dfc54cb3aba78cf
endProcessing "me/travis/wurstplus/wurstplustwo/hacks/chat/WurstplusAntiRacist.java"

startProcessing "me/travis/wurstplus/wurstplustwo/hacks/chat/WurstplusAutoCope.java" md5: f1cfd733969e4511dd8bff4b16e828c2
endProcessing "me/travis/wurstplus/wurstplustwo/hacks/chat/WurstplusAutoCope.java"

startProcessing "me/travis/wurstplus/wurstplustwo/hacks/chat/WurstplusAutoEz.java" md5: 8f9934a0787add8ee97c4b3538a81e72
endProcessing "me/travis/wurstplus/wurstplustwo/hacks/chat/WurstplusAutoEz.java"

startProcessing "me/travis/wurstplus/wurstplustwo/hacks/chat/WurstplusChatMods.java" md5: 4f9e4ee88affe497e166a4e0a2813ab8
endProcessing "me/travis/wurstplus/wurstplustwo/hacks/chat/WurstplusChatMods.java"

startProcessing "me/travis/wurstplus/wurstplustwo/hacks/chat/WurstplusChatSuffix.java" md5: 9496be4c3a32cc3e6e727a0ce0904edb
endProcessing "me/travis/wurstplus/wurstplustwo/hacks/chat/WurstplusChatSuffix.java"

startProcessing "me/travis/wurstplus/wurstplustwo/hacks/chat/WurstplusClearChat.java" md5: 8d9fabc76d60dcfd9d0cc3f8f4bde9a1
endProcessing "me/travis/wurstplus/wurstplustwo/hacks/chat/WurstplusClearChat.java"

startProcessing "me/travis/wurstplus/wurstplustwo/hacks/chat/WurstplusTotempop.java" md5: 3468d984e99b44d5f9f82f85e88a787e
endProcessing "me/travis/wurstplus/wurstplustwo/hacks/chat/WurstplusTotempop.java"

startProcessing "me/travis/wurstplus/wurstplustwo/hacks/chat/WurstplusVisualRange.java" md5: eac8cccfbcebb38f58e43179c2fc5209
endProcessing "me/travis/wurstplus/wurstplustwo/hacks/chat/WurstplusVisualRange.java"

startProcessing "me/travis/wurstplus/wurstplustwo/hacks/combat/WurstplusAuto32k.java" md5: c63ab478139e4b1fdc1b9bbed322fd0c
endProcessing "me/travis/wurstplus/wurstplustwo/hacks/combat/WurstplusAuto32k.java"

startProcessing "me/travis/wurstplus/wurstplustwo/hacks/combat/WurstplusAutoArmour.java" md5: bb9c1c521bd2b93fae323bb40f30c51c
endProcessing "me/travis/wurstplus/wurstplustwo/hacks/combat/WurstplusAutoArmour.java"

startProcessing "me/travis/wurstplus/wurstplustwo/hacks/combat/WurstplusAutoCrystal.java" md5: d735e3aee04863dada9b252cb0c465af
endProcessing "me/travis/wurstplus/wurstplustwo/hacks/combat/WurstplusAutoCrystal.java"

startProcessing "me/travis/wurstplus/wurstplustwo/hacks/combat/WurstplusAutoGapple.java" md5: 2c6f8c55865c96797bbd3066c9d220ba
endProcessing "me/travis/wurstplus/wurstplustwo/hacks/combat/WurstplusAutoGapple.java"

startProcessing "me/travis/wurstplus/wurstplustwo/hacks/combat/WurstplusAutoTotem.java" md5: ec83deb9b3334bb425fa9a07512985dd
endProcessing "me/travis/wurstplus/wurstplustwo/hacks/combat/WurstplusAutoTotem.java"

startProcessing "me/travis/wurstplus/wurstplustwo/hacks/combat/WurstplusAutoWeb.java" md5: 0eff1fcd4fe76302457c33493f29db1e
endProcessing "me/travis/wurstplus/wurstplustwo/hacks/combat/WurstplusAutoWeb.java"

startProcessing "me/travis/wurstplus/wurstplustwo/hacks/combat/WurstplusBedAura.java" md5: 777c7270de4281f66a05478f17de552c
endProcessing "me/travis/wurstplus/wurstplustwo/hacks/combat/WurstplusBedAura.java"

startProcessing "me/travis/wurstplus/wurstplustwo/hacks/combat/WurstplusCriticals.java" md5: bc93b7b581ec22d5044e1d9439dc60b7
endProcessing "me/travis/wurstplus/wurstplustwo/hacks/combat/WurstplusCriticals.java"

startProcessing "me/travis/wurstplus/wurstplustwo/hacks/combat/WurstplusHoleFill.java" md5: 2807e0139999c9a99e333ff1fe1faa34
endProcessing "me/travis/wurstplus/wurstplustwo/hacks/combat/WurstplusHoleFill.java"

startProcessing "me/travis/wurstplus/wurstplustwo/hacks/combat/WurstplusKillAura.java" md5: 452a62dc5087c9097be9febf1a44457c
endProcessing "me/travis/wurstplus/wurstplustwo/hacks/combat/WurstplusKillAura.java"

startProcessing "me/travis/wurstplus/wurstplustwo/hacks/combat/WurstplusOffhand.java" md5: c5beba5029d035dbd9054eb523afff9f
endProcessing "me/travis/wurstplus/wurstplustwo/hacks/combat/WurstplusOffhand.java"

startProcessing "me/travis/wurstplus/wurstplustwo/hacks/combat/WurstplusSelfTrap.java" md5: 65fae7ce4c2e8e07d3650a2be040e040
endProcessing "me/travis/wurstplus/wurstplustwo/hacks/combat/WurstplusSelfTrap.java"

startProcessing "me/travis/wurstplus/wurstplustwo/hacks/combat/WurstplusSocks.java" md5: 94d30613b5b8f90e1cd745f4e592ad86
endProcessing "me/travis/wurstplus/wurstplustwo/hacks/combat/WurstplusSocks.java"

startProcessing "me/travis/wurstplus/wurstplustwo/hacks/combat/WurstplusSurround.java" md5: dfbdf377a03fefacaf74c7ea39b3e6f8
endProcessing "me/travis/wurstplus/wurstplustwo/hacks/combat/WurstplusSurround.java"

startProcessing "me/travis/wurstplus/wurstplustwo/hacks/combat/WurstplusTrap.java" md5: e2433ab420450e7f440f5a0d5b728017
endProcessing "me/travis/wurstplus/wurstplustwo/hacks/combat/WurstplusTrap.java"

startProcessing "me/travis/wurstplus/wurstplustwo/hacks/combat/WurstplusWebfill.java" md5: bdf8ded18be66dffc6b4f6a5d2a9d6c1
endProcessing "me/travis/wurstplus/wurstplustwo/hacks/combat/WurstplusWebfill.java"

startProcessing "me/travis/wurstplus/wurstplustwo/hacks/exploit/WurstplusBowRelease.java" md5: d1383ec5f9a95d7dfc275784f500e988
endProcessing "me/travis/wurstplus/wurstplustwo/hacks/exploit/WurstplusBowRelease.java"

startProcessing "me/travis/wurstplus/wurstplustwo/hacks/exploit/WurstplusBuildHeight.java" md5: 6851a988f3df4ca57ad12e32c8e17700
endProcessing "me/travis/wurstplus/wurstplustwo/hacks/exploit/WurstplusBuildHeight.java"

startProcessing "me/travis/wurstplus/wurstplustwo/hacks/exploit/WurstplusBurrow.java" md5: 68c3bbff8ba9d5d935a65a4f123098f1
endProcessing "me/travis/wurstplus/wurstplustwo/hacks/exploit/WurstplusBurrow.java"

startProcessing "me/travis/wurstplus/wurstplustwo/hacks/exploit/WurstplusCoordExploit.java" md5: 3af1d8fa47b8efec23cc26689921972c
endProcessing "me/travis/wurstplus/wurstplustwo/hacks/exploit/WurstplusCoordExploit.java"

startProcessing "me/travis/wurstplus/wurstplustwo/hacks/exploit/WurstplusEntityMine.java" md5: 95a381d42d743ebcb1974b1a9e17e553
endProcessing "me/travis/wurstplus/wurstplustwo/hacks/exploit/WurstplusEntityMine.java"

startProcessing "me/travis/wurstplus/wurstplustwo/hacks/exploit/WurstplusNoHandshake.java" md5: 33cb798e08e8b86dbdecf9976a16f956
endProcessing "me/travis/wurstplus/wurstplustwo/hacks/exploit/WurstplusNoHandshake.java"

startProcessing "me/travis/wurstplus/wurstplustwo/hacks/exploit/WurstplusNoSwing.java" md5: 93977ea2a28c8f36ce47ed0ad18cc60f
endProcessing "me/travis/wurstplus/wurstplustwo/hacks/exploit/WurstplusNoSwing.java"

startProcessing "me/travis/wurstplus/wurstplustwo/hacks/exploit/WurstplusPacketMine.java" md5: 43ae88cecca6f66c26f97080af0dcc6f
endProcessing "me/travis/wurstplus/wurstplustwo/hacks/exploit/WurstplusPacketMine.java"

startProcessing "me/travis/wurstplus/wurstplustwo/hacks/exploit/WurstplusPortalGodMode.java" md5: 6ebd85bdf4a6b6df8da436635ea29895
endProcessing "me/travis/wurstplus/wurstplustwo/hacks/exploit/WurstplusPortalGodMode.java"

startProcessing "me/travis/wurstplus/wurstplustwo/hacks/exploit/WurstplusPortalGodModeTwo.java" md5: 4195030d806b02d19f4bdcc6c6a33776
endProcessing "me/travis/wurstplus/wurstplustwo/hacks/exploit/WurstplusPortalGodModeTwo.java"

startProcessing "me/travis/wurstplus/wurstplustwo/hacks/exploit/WurstplusSpeedmine.java" md5: 7c7f09e3a2790b16b5b8510eaea37b53
endProcessing "me/travis/wurstplus/wurstplustwo/hacks/exploit/WurstplusSpeedmine.java"

startProcessing "me/travis/wurstplus/wurstplustwo/hacks/exploit/WurstplusXCarry.java" md5: cb4bce509da16398d6531daef9d13f24
endProcessing "me/travis/wurstplus/wurstplustwo/hacks/exploit/WurstplusXCarry.java"

startProcessing "me/travis/wurstplus/wurstplustwo/hacks/misc/WurstplusAutoMine.java" md5: 64a8a7de061a05c2fb57c9639ee69ddc
endProcessing "me/travis/wurstplus/wurstplustwo/hacks/misc/WurstplusAutoMine.java"

startProcessing "me/travis/wurstplus/wurstplustwo/hacks/misc/WurstplusAutoNomadHut.java" md5: 1865d3821bc671124210e9dc2206d3a6
endProcessing "me/travis/wurstplus/wurstplustwo/hacks/misc/WurstplusAutoNomadHut.java"

startProcessing "me/travis/wurstplus/wurstplustwo/hacks/misc/WurstplusAutoReplenish.java" md5: e2f66e093cf6d6515f7ff778efdf4591
endProcessing "me/travis/wurstplus/wurstplustwo/hacks/misc/WurstplusAutoReplenish.java"

startProcessing "me/travis/wurstplus/wurstplustwo/hacks/misc/WurstplusAutoWither.java" md5: 44903c36005b51c6b08f8764be320a29
endProcessing "me/travis/wurstplus/wurstplustwo/hacks/misc/WurstplusAutoWither.java"

startProcessing "me/travis/wurstplus/wurstplustwo/hacks/misc/WurstplusDebug.java" md5: 194f51d0629c00542bb1938e6dfbb432
endProcessing "me/travis/wurstplus/wurstplustwo/hacks/misc/WurstplusDebug.java"

startProcessing "me/travis/wurstplus/wurstplustwo/hacks/misc/WurstplusFakePlayer.java" md5: 88f15b60eca331809e9f16437abf6696
endProcessing "me/travis/wurstplus/wurstplustwo/hacks/misc/WurstplusFakePlayer.java"

startProcessing "me/travis/wurstplus/wurstplustwo/hacks/misc/WurstplusFastUtil.java" md5: ec3e9ad73b9fca0a29a6bf054a618178
endProcessing "me/travis/wurstplus/wurstplustwo/hacks/misc/WurstplusFastUtil.java"

startProcessing "me/travis/wurstplus/wurstplustwo/hacks/misc/WurstplusMiddleClickFriends.java" md5: 235eee7d1531d96fdab6bfe26f7bf7fb
endProcessing "me/travis/wurstplus/wurstplustwo/hacks/misc/WurstplusMiddleClickFriends.java"

startProcessing "me/travis/wurstplus/wurstplustwo/hacks/misc/WurstplusOldHit.java" md5: 23961d2a3456b217e4a27e209aa12808
endProcessing "me/travis/wurstplus/wurstplustwo/hacks/misc/WurstplusOldHit.java"

startProcessing "me/travis/wurstplus/wurstplustwo/hacks/misc/WurstplusRichPresence.java" md5: b3dd2a188d8a99abc6519ae6edf6a4e9
endProcessing "me/travis/wurstplus/wurstplustwo/hacks/misc/WurstplusRichPresence.java"

startProcessing "me/travis/wurstplus/wurstplustwo/hacks/misc/WurstplusStopEXP.java" md5: 2a8198830e70527e6274cf278d298055
endProcessing "me/travis/wurstplus/wurstplustwo/hacks/misc/WurstplusStopEXP.java"

startProcessing "me/travis/wurstplus/wurstplustwo/hacks/movement/WurstPlusAnchor.java" md5: 5fadf16b5bef78f7d07579d869122126
endProcessing "me/travis/wurstplus/wurstplustwo/hacks/movement/WurstPlusAnchor.java"

startProcessing "me/travis/wurstplus/wurstplustwo/hacks/movement/WurstplusElytraFly.java" md5: 48dc672d3803c3e8a3a8e28332434a8e
endProcessing "me/travis/wurstplus/wurstplustwo/hacks/movement/WurstplusElytraFly.java"

startProcessing "me/travis/wurstplus/wurstplustwo/hacks/movement/WurstplusInventoryWalk.java" md5: df17f7236e31f99a007fddfb781b10f8
endProcessing "me/travis/wurstplus/wurstplustwo/hacks/movement/WurstplusInventoryWalk.java"

startProcessing "me/travis/wurstplus/wurstplustwo/hacks/movement/WurstplusNoSlow.java" md5: ad0346a69c527941a2da4115bf97ac7e
endProcessing "me/travis/wurstplus/wurstplustwo/hacks/movement/WurstplusNoSlow.java"

startProcessing "me/travis/wurstplus/wurstplustwo/hacks/movement/WurstplusSpeed.java" md5: 60ae090b4d44aebf3781cd424710e392
endProcessing "me/travis/wurstplus/wurstplustwo/hacks/movement/WurstplusSpeed.java"

startProcessing "me/travis/wurstplus/wurstplustwo/hacks/movement/WurstplusSprint.java" md5: f56161803493ccf4783cd5fe965ab7e5
endProcessing "me/travis/wurstplus/wurstplustwo/hacks/movement/WurstplusSprint.java"

startProcessing "me/travis/wurstplus/wurstplustwo/hacks/movement/WurstplusStep.java" md5: b81451c9a831a0adf1a1160f4958d0eb
endProcessing "me/travis/wurstplus/wurstplustwo/hacks/movement/WurstplusStep.java"

startProcessing "me/travis/wurstplus/wurstplustwo/hacks/movement/WurstplusStrafe.java" md5: 7b9331aedff8dcc2c5bfbe422b4a1232
endProcessing "me/travis/wurstplus/wurstplustwo/hacks/movement/WurstplusStrafe.java"

startProcessing "me/travis/wurstplus/wurstplustwo/hacks/movement/WurstplusVelocity.java" md5: feca3031512489184e6cd60c88c95f2b
endProcessing "me/travis/wurstplus/wurstplustwo/hacks/movement/WurstplusVelocity.java"

startProcessing "me/travis/wurstplus/wurstplustwo/hacks/render/WurstplusAlwaysNight.java" md5: a67a25ee3017c587c932b43d6801eb50
endProcessing "me/travis/wurstplus/wurstplustwo/hacks/render/WurstplusAlwaysNight.java"

startProcessing "me/travis/wurstplus/wurstplustwo/hacks/render/WurstplusAntifog.java" md5: c672871c91a2a924613dfbd00236c564
endProcessing "me/travis/wurstplus/wurstplustwo/hacks/render/WurstplusAntifog.java"

startProcessing "me/travis/wurstplus/wurstplustwo/hacks/render/WurstplusCapes.java" md5: 96e41affee7d402d7a91a498952bb76a
endProcessing "me/travis/wurstplus/wurstplustwo/hacks/render/WurstplusCapes.java"

startProcessing "me/travis/wurstplus/wurstplustwo/hacks/render/WurstplusChams.java" md5: ce79c442dda2588eedb8595e84a2a5c0
endProcessing "me/travis/wurstplus/wurstplustwo/hacks/render/WurstplusChams.java"

startProcessing "me/travis/wurstplus/wurstplustwo/hacks/render/WurstplusCityEsp.java" md5: d73c0f0761f4fef7dbc1fc403d671869
endProcessing "me/travis/wurstplus/wurstplustwo/hacks/render/WurstplusCityEsp.java"

startProcessing "me/travis/wurstplus/wurstplustwo/hacks/render/WurstplusFuckedDetector.java" md5: 39651ae26c74a83124f7b94d308e9cc2
endProcessing "me/travis/wurstplus/wurstplustwo/hacks/render/WurstplusFuckedDetector.java"

startProcessing "me/travis/wurstplus/wurstplustwo/hacks/render/WurstplusHighlight.java" md5: 6b2350fc8a46f4f6b0ba308f43d848ad
endProcessing "me/travis/wurstplus/wurstplustwo/hacks/render/WurstplusHighlight.java"

startProcessing "me/travis/wurstplus/wurstplustwo/hacks/render/WurstplusHoleESP.java" md5: 71a1016ac56738668afb78655bbe1996
endProcessing "me/travis/wurstplus/wurstplustwo/hacks/render/WurstplusHoleESP.java"

startProcessing "me/travis/wurstplus/wurstplustwo/hacks/render/WurstplusLogSpots.java" md5: 6c1fc3a556ce26950bd7b85d97694066
endProcessing "me/travis/wurstplus/wurstplustwo/hacks/render/WurstplusLogSpots.java"

startProcessing "me/travis/wurstplus/wurstplustwo/hacks/render/WurstplusNameTags.java" md5: a727a3f3450e5afb2d8690e79598263a
endProcessing "me/travis/wurstplus/wurstplustwo/hacks/render/WurstplusNameTags.java"

startProcessing "me/travis/wurstplus/wurstplustwo/hacks/render/WurstplusShulkerPreview.java" md5: a8881fff51243eed6b99994fb89cbba8
endProcessing "me/travis/wurstplus/wurstplustwo/hacks/render/WurstplusShulkerPreview.java"

startProcessing "me/travis/wurstplus/wurstplustwo/hacks/render/WurstplusSkyColour.java" md5: 92db6e49426c8e25ed60093bb616113e
endProcessing "me/travis/wurstplus/wurstplustwo/hacks/render/WurstplusSkyColour.java"

startProcessing "me/travis/wurstplus/wurstplustwo/hacks/render/WurstplusTracers.java" md5: ec5253c5b12df21f74ce20b5f3bae2ea
endProcessing "me/travis/wurstplus/wurstplustwo/hacks/render/WurstplusTracers.java"

startProcessing "me/travis/wurstplus/wurstplustwo/hacks/render/WurstplusViewmodleChanger.java" md5: 3d1f495bdfd58496d04296e7d9467b71
endProcessing "me/travis/wurstplus/wurstplustwo/hacks/render/WurstplusViewmodleChanger.java"

startProcessing "me/travis/wurstplus/wurstplustwo/hacks/render/WurstplusVoidESP.java" md5: eec09a268318154cc44dafd91be2c4f2
endProcessing "me/travis/wurstplus/wurstplustwo/hacks/render/WurstplusVoidESP.java"

startProcessing "me/travis/wurstplus/wurstplustwo/manager/WurstplusCommandManager.java" md5: 751fcf79c490d3a20f7e96609649c04a
endProcessing "me/travis/wurstplus/wurstplustwo/manager/WurstplusCommandManager.java"

startProcessing "me/travis/wurstplus/wurstplustwo/manager/WurstplusConfigManager.java" md5: e6e15b850bbf0e9e88a51292d572bfb4
endProcessing "me/travis/wurstplus/wurstplustwo/manager/WurstplusConfigManager.java"

startProcessing "me/travis/wurstplus/wurstplustwo/manager/WurstplusEventManager.java" md5: 5e9289494fef79d38e0e3a9563e3c867
endProcessing "me/travis/wurstplus/wurstplustwo/manager/WurstplusEventManager.java"

startProcessing "me/travis/wurstplus/wurstplustwo/manager/WurstplusHUDManager.java" md5: 599fa0be4cdd953fa7a5b26c64a0b79f
endProcessing "me/travis/wurstplus/wurstplustwo/manager/WurstplusHUDManager.java"

startProcessing "me/travis/wurstplus/wurstplustwo/manager/WurstplusModuleManager.java" md5: 47e96e716c7d16eb3d125442952d786a
endProcessing "me/travis/wurstplus/wurstplustwo/manager/WurstplusModuleManager.java"

startProcessing "me/travis/wurstplus/wurstplustwo/manager/WurstplusSettingManager.java" md5: 6c6d89b070aff2fdb4fae11e64e27ddc
endProcessing "me/travis/wurstplus/wurstplustwo/manager/WurstplusSettingManager.java"

startProcessing "me/travis/wurstplus/wurstplustwo/util/InventoryUtil.java" md5: 22abecec07729a047b5a650c4baeeddf
endProcessing "me/travis/wurstplus/wurstplustwo/util/InventoryUtil.java"

startProcessing "me/travis/wurstplus/wurstplustwo/util/WorldUtil.java" md5: b3eb946c8f7156d0747176207c163a2e
endProcessing "me/travis/wurstplus/wurstplustwo/util/WorldUtil.java"

startProcessing "me/travis/wurstplus/wurstplustwo/util/Wrapper.java" md5: 44cdede2822c3826d2f5733c48ff525e
endProcessing "me/travis/wurstplus/wurstplustwo/util/Wrapper.java"

startProcessing "me/travis/wurstplus/wurstplustwo/util/WurstplusBlockInteractHelper.java" md5: c08a437d888d1806fcca09f18ba62310
endProcessing "me/travis/wurstplus/wurstplustwo/util/WurstplusBlockInteractHelper.java"

startProcessing "me/travis/wurstplus/wurstplustwo/util/WurstplusBlockInteractionHelper.java" md5: a483326f67d79e90ba7e30b205ff9161
endProcessing "me/travis/wurstplus/wurstplustwo/util/WurstplusBlockInteractionHelper.java"

startProcessing "me/travis/wurstplus/wurstplustwo/util/WurstplusBlockUtil.java" md5: dd3a39a4ce05a8376cf3024e76687373
endProcessing "me/travis/wurstplus/wurstplustwo/util/WurstplusBlockUtil.java"

startProcessing "me/travis/wurstplus/wurstplustwo/util/WurstplusBreakUtil.java" md5: 335c38a9a52ce5e8b6c77204b5acd62d
endProcessing "me/travis/wurstplus/wurstplustwo/util/WurstplusBreakUtil.java"

startProcessing "me/travis/wurstplus/wurstplustwo/util/WurstplusCapeUtil.java" md5: 96ad656ebf7f70b4b46b24dbe0a125ab
endProcessing "me/travis/wurstplus/wurstplustwo/util/WurstplusCapeUtil.java"

startProcessing "me/travis/wurstplus/wurstplustwo/util/WurstplusCrystalUtil.java" md5: a66beceeb869d30ea7bb7d21ebf406a4
endProcessing "me/travis/wurstplus/wurstplustwo/util/WurstplusCrystalUtil.java"

startProcessing "me/travis/wurstplus/wurstplustwo/util/WurstplusDamageUtil.java" md5: 911d6f776f98a91c09836bd68ffd2188
endProcessing "me/travis/wurstplus/wurstplustwo/util/WurstplusDamageUtil.java"

startProcessing "me/travis/wurstplus/wurstplustwo/util/WurstplusDiscordUtil.java" md5: 27d92086658e17f74b89d7baca9e11be
endProcessing "me/travis/wurstplus/wurstplustwo/util/WurstplusDiscordUtil.java"

startProcessing "me/travis/wurstplus/wurstplustwo/util/WurstplusDrawnUtil.java" md5: bd4e3ee03a1a20b355b13e9e9a602427
endProcessing "me/travis/wurstplus/wurstplustwo/util/WurstplusDrawnUtil.java"

startProcessing "me/travis/wurstplus/wurstplustwo/util/WurstplusEnemyUtil.java" md5: 4ad90f8b1a8767784646f90cce5152ac
endProcessing "me/travis/wurstplus/wurstplustwo/util/WurstplusEnemyUtil.java"

startProcessing "me/travis/wurstplus/wurstplustwo/util/WurstplusEntityUtil.java" md5: 25fb50e7c7cc4e46b285ae3a0d620339
endProcessing "me/travis/wurstplus/wurstplustwo/util/WurstplusEntityUtil.java"

startProcessing "me/travis/wurstplus/wurstplustwo/util/WurstplusEzMessageUtil.java" md5: c9c5b769abcd17a82f7c1c09b6938a6f
endProcessing "me/travis/wurstplus/wurstplustwo/util/WurstplusEzMessageUtil.java"

startProcessing "me/travis/wurstplus/wurstplustwo/util/WurstplusFriendUtil.java" md5: 0ccc94fe5b51f889a0aabd32c7de188b
endProcessing "me/travis/wurstplus/wurstplustwo/util/WurstplusFriendUtil.java"

startProcessing "me/travis/wurstplus/wurstplustwo/util/WurstplusMathUtil.java" md5: e2d06c2ad8fa666d0af26ff180fbbc21
endProcessing "me/travis/wurstplus/wurstplustwo/util/WurstplusMathUtil.java"

startProcessing "me/travis/wurstplus/wurstplustwo/util/WurstplusMessageUtil.java" md5: 865695aaa998caf0777ec6ebcb5343c5
endProcessing "me/travis/wurstplus/wurstplustwo/util/WurstplusMessageUtil.java"

startProcessing "me/travis/wurstplus/wurstplustwo/util/WurstplusOnlineFriends.java" md5: b0431ff19714f8af85b18f2ab4dc94d9
endProcessing "me/travis/wurstplus/wurstplustwo/util/WurstplusOnlineFriends.java"

startProcessing "me/travis/wurstplus/wurstplustwo/util/WurstplusPair.java" md5: d3f97879ab48017fe69678f0e563d297
endProcessing "me/travis/wurstplus/wurstplustwo/util/WurstplusPair.java"

startProcessing "me/travis/wurstplus/wurstplustwo/util/WurstplusPlayerUtil.java" md5: 585ab1bcde241413093f8aaa1c665854
endProcessing "me/travis/wurstplus/wurstplustwo/util/WurstplusPlayerUtil.java"

startProcessing "me/travis/wurstplus/wurstplustwo/util/WurstplusPosManager.java" md5: 5faf2a46bfdea1eee9762ec66c949680
endProcessing "me/travis/wurstplus/wurstplustwo/util/WurstplusPosManager.java"

startProcessing "me/travis/wurstplus/wurstplustwo/util/WurstplusRenderUtil.java" md5: 84c0308518aece5cd807ce402925bde2
endProcessing "me/travis/wurstplus/wurstplustwo/util/WurstplusRenderUtil.java"

startProcessing "me/travis/wurstplus/wurstplustwo/util/WurstplusRotationUtil.java" md5: 9e4ca89b8a5fe738a797df01f5577601
endProcessing "me/travis/wurstplus/wurstplustwo/util/WurstplusRotationUtil.java"

startProcessing "me/travis/wurstplus/wurstplustwo/util/WurstplusTabUtil.java" md5: 491e34420ba87b5e653f77e1676babf7
endProcessing "me/travis/wurstplus/wurstplustwo/util/WurstplusTabUtil.java"

startProcessing "me/travis/wurstplus/wurstplustwo/util/WurstplusTextureHelper.java" md5: 73f9c4abc19a10b9cfb351f104858439
endProcessing "me/travis/wurstplus/wurstplustwo/util/WurstplusTextureHelper.java"

startProcessing "me/travis/wurstplus/wurstplustwo/util/WurstplusTimeUtil.java" md5: c2d6505a7b9f5b83383fa2dae451ef36
endProcessing "me/travis/wurstplus/wurstplustwo/util/WurstplusTimeUtil.java"

startProcessing "me/travis/wurstplus/wurstplustwo/util/WurstplusTimer.java" md5: 66844caec3629433767e196e23b313a8
endProcessing "me/travis/wurstplus/wurstplustwo/util/WurstplusTimer.java"

